<?xml version="1.0" encoding="UTF-8"?>
<testng-results ignored="0" total="1" passed="1" failed="0" skipped="0">
  <reporter-output>
  </reporter-output>
  <suite started-at="2020-07-05T16:43:30 CEST" name="Default suite" finished-at="2020-07-05T16:43:44 CEST" duration-ms="14023">
    <groups>
    </groups>
    <test started-at="2020-07-05T16:43:30 CEST" name="Default test" finished-at="2020-07-05T16:43:44 CEST" duration-ms="14023">
      <class name="tests.LogInTest">
        <test-method is-config="true" signature="setup()[pri:0, instance:tests.LogInTest@1018bde2]" started-at="2020-07-05T16:43:30 CEST" name="setup" finished-at="2020-07-05T16:43:37 CEST" duration-ms="7188" status="PASS">
          <reporter-output>
          </reporter-output>
        </test-method> <!-- setup -->
        <test-method signature="logInTest()[pri:0, instance:tests.LogInTest@1018bde2]" started-at="2020-07-05T16:43:37 CEST" name="logInTest" finished-at="2020-07-05T16:43:44 CEST" duration-ms="6770" status="PASS">
          <reporter-output>
          </reporter-output>
        </test-method> <!-- logInTest -->
        <test-method is-config="true" signature="afterClass()[pri:0, instance:tests.LogInTest@1018bde2]" started-at="2020-07-05T16:43:44 CEST" name="afterClass" finished-at="2020-07-05T16:43:44 CEST" duration-ms="1" status="PASS">
          <reporter-output>
          </reporter-output>
        </test-method> <!-- afterClass -->
      </class> <!-- tests.LogInTest -->
    </test> <!-- Default test -->
  </suite> <!-- Default suite -->
</testng-results>
